# JRE version: Java(TM) SE Runtime Environment (8.0_202-b08) (build 1.8.0_202-b08)
# Java VM: Java HotSpot(TM) 64-Bit Server VM (25.202-b08 mixed mode bsd-amd64 compressed oops)
Heap:
 PSYoungGen      total 522752K, used 242681K [0x0000000795580000, 0x00000007c0000000, 0x00000007c0000000)
  eden space 478720K, 50% used [0x0000000795580000,0x00000007a427e678,0x00000007b2900000)
  from space 44032K, 0% used [0x00000007b2900000,0x00000007b2900000,0x00000007b5400000)
  to   space 46592K, 0% used [0x00000007bd280000,0x00000007bd280000,0x00000007c0000000)
 ParOldGen       total 126976K, used 67133K [0x0000000740000000, 0x0000000747c00000, 0x0000000795580000)
  object space 126976K, 52% used [0x0000000740000000,0x000000074418f730,0x0000000747c00000)
 Metaspace       used 24230K, capacity 24447K, committed 24832K, reserved 1071104K
  class space    used 3204K, capacity 3280K, committed 3328K, reserved 1048576K
GC Heap History (10 events):
Event: 5.084 GC heap before
{Heap before GC invocations=7 (full 1):
 PSYoungGen      total 138240K, used 135515K [0x0000000795580000, 0x00000007a6380000, 0x00000007c0000000)
  eden space 133120K, 97% used [0x0000000795580000,0x000000079d4dc1d0,0x000000079d780000)
  from space 5120K, 99% used [0x000000079d780000,0x000000079dc7aa90,0x000000079dc80000)
  to   space 5120K, 0% used [0x00000007a5e80000,0x00000007a5e80000,0x00000007a6380000)
 ParOldGen       total 87552K, used 46922K [0x0000000740000000, 0x0000000745580000, 0x0000000795580000)
  object space 87552K, 53% used [0x0000000740000000,0x0000000742dd2af0,0x0000000745580000)
 Metaspace       used 15498K, capacity 15646K, committed 15744K, reserved 1062912K
  class space    used 1839K, capacity 1884K, committed 1920K, reserved 1048576K
Event: 5.096 GC heap after
Heap after GC invocations=7 (full 1):
 PSYoungGen      total 249856K, used 5095K [0x0000000795580000, 0x00000007a8d80000, 0x00000007c0000000)
  eden space 244736K, 0% used [0x0000000795580000,0x0000000795580000,0x00000007a4480000)
  from space 5120K, 99% used [0x00000007a5e80000,0x00000007a6379fc8,0x00000007a6380000)
  to   space 26624K, 0% used [0x00000007a4480000,0x00000007a4480000,0x00000007a5e80000)
 ParOldGen       total 87552K, used 52387K [0x0000000740000000, 0x0000000745580000, 0x0000000795580000)
  object space 87552K, 59% used [0x0000000740000000,0x0000000743328e80,0x0000000745580000)
 Metaspace       used 15498K, capacity 15646K, committed 15744K, reserved 1062912K
  class space    used 1839K, capacity 1884K, committed 1920K, reserved 1048576K
}
Event: 7.349 GC heap before
{Heap before GC invocations=8 (full 1):
 PSYoungGen      total 249856K, used 249831K [0x0000000795580000, 0x00000007a8d80000, 0x00000007c0000000)
  eden space 244736K, 100% used [0x0000000795580000,0x00000007a4480000,0x00000007a4480000)
  from space 5120K, 99% used [0x00000007a5e80000,0x00000007a6379fc8,0x00000007a6380000)
  to   space 26624K, 0% used [0x00000007a4480000,0x00000007a4480000,0x00000007a5e80000)
 ParOldGen       total 87552K, used 52387K [0x0000000740000000, 0x0000000745580000, 0x0000000795580000)
  object space 87552K, 59% used [0x0000000740000000,0x0000000743328e80,0x0000000745580000)
 Metaspace       used 19962K, capacity 20142K, committed 20480K, reserved 1067008K
  class space    used 2449K, capacity 2512K, committed 2560K, reserved 1048576K
Event: 7.372 GC heap after
Heap after GC invocations=8 (full 1):
 PSYoungGen      total 271360K, used 26613K [0x0000000795580000, 0x00000007b7480000, 0x00000007c0000000)
  eden space 244736K, 0% used [0x0000000795580000,0x0000000795580000,0x00000007a4480000)
  from space 26624K, 99% used [0x00000007a4480000,0x00000007a5e7d4e0,0x00000007a5e80000)
  to   space 33280K, 0% used [0x00000007b5400000,0x00000007b5400000,0x00000007b7480000)
 ParOldGen       total 87552K, used 55881K [0x0000000740000000, 0x0000000745580000, 0x0000000795580000)
  object space 87552K, 63% used [0x0000000740000000,0x0000000743692470,0x0000000745580000)
 Metaspace       used 19962K, capacity 20142K, committed 20480K, reserved 1067008K
  class space    used 2449K, capacity 2512K, committed 2560K, reserved 1048576K
}
Event: 8.066 GC heap before
{Heap before GC invocations=9 (full 1):
 PSYoungGen      total 271360K, used 271349K [0x0000000795580000, 0x00000007b7480000, 0x00000007c0000000)
  eden space 244736K, 100% used [0x0000000795580000,0x00000007a4480000,0x00000007a4480000)
  from space 26624K, 99% used [0x00000007a4480000,0x00000007a5e7d4e0,0x00000007a5e80000)
  to   space 33280K, 0% used [0x00000007b5400000,0x00000007b5400000,0x00000007b7480000)
 ParOldGen       total 87552K, used 55881K [0x0000000740000000, 0x0000000745580000, 0x0000000795580000)
  object space 87552K, 63% used [0x0000000740000000,0x0000000743692470,0x0000000745580000)
 Metaspace       used 20778K, capacity 20974K, committed 21248K, reserved 1067008K
  class space    used 2618K, capacity 2704K, committed 2816K, reserved 1048576K
Event: 8.094 GC heap after
Heap after GC invocations=9 (full 1):
 PSYoungGen      total 512000K, used 33277K [0x0000000795580000, 0x00000007b8980000, 0x00000007c0000000)
  eden space 478720K, 0% used [0x0000000795580000,0x0000000795580000,0x00000007b2900000)
  from space 33280K, 99% used [0x00000007b5400000,0x00000007b747f778,0x00000007b7480000)
  to   space 44032K, 0% used [0x00000007b2900000,0x00000007b2900000,0x00000007b5400000)
 ParOldGen       total 87552K, used 66765K [0x0000000740000000, 0x0000000745580000, 0x0000000795580000)
  object space 87552K, 76% used [0x0000000740000000,0x00000007441337d8,0x0000000745580000)
 Metaspace       used 20778K, capacity 20974K, committed 21248K, reserved 1067008K
  class space    used 2618K, capacity 2704K, committed 2816K, reserved 1048576K
}
Event: 8.161 GC heap before
{Heap before GC invocations=10 (full 1):
 PSYoungGen      total 512000K, used 61597K [0x0000000795580000, 0x00000007b8980000, 0x00000007c0000000)
  eden space 478720K, 5% used [0x0000000795580000,0x0000000797127ee8,0x00000007b2900000)
  from space 33280K, 99% used [0x00000007b5400000,0x00000007b747f778,0x00000007b7480000)
  to   space 44032K, 0% used [0x00000007b2900000,0x00000007b2900000,0x00000007b5400000)
 ParOldGen       total 87552K, used 66765K [0x0000000740000000, 0x0000000745580000, 0x0000000795580000)
  object space 87552K, 76% used [0x0000000740000000,0x00000007441337d8,0x0000000745580000)
 Metaspace       used 20878K, capacity 21038K, committed 21248K, reserved 1067008K
  class space    used 2636K, capacity 2704K, committed 2816K, reserved 1048576K
Event: 8.175 GC heap after
Heap after GC invocations=10 (full 1):
 PSYoungGen      total 522752K, used 32637K [0x0000000795580000, 0x00000007c0000000, 0x00000007c0000000)
  eden space 478720K, 0% used [0x0000000795580000,0x0000000795580000,0x00000007b2900000)
  from space 44032K, 74% used [0x00000007b2900000,0x00000007b48df460,0x00000007b5400000)
  to   space 46592K, 0% used [0x00000007bd280000,0x00000007bd280000,0x00000007c0000000)
 ParOldGen       total 87552K, used 69574K [0x0000000740000000, 0x0000000745580000, 0x0000000795580000)
  object space 87552K, 79% used [0x0000000740000000,0x00000007443f1a28,0x0000000745580000)
 Metaspace       used 20878K, capacity 21038K, committed 21248K, reserved 1067008K
  class space    used 2636K, capacity 2704K, committed 2816K, reserved 1048576K
}
Event: 8.175 GC heap before
{Heap before GC invocations=11 (full 2):
 PSYoungGen      total 522752K, used 32637K [0x0000000795580000, 0x00000007c0000000, 0x00000007c0000000)
  eden space 478720K, 0% used [0x0000000795580000,0x0000000795580000,0x00000007b2900000)
  from space 44032K, 74% used [0x00000007b2900000,0x00000007b48df460,0x00000007b5400000)
  to   space 46592K, 0% used [0x00000007bd280000,0x00000007bd280000,0x00000007c0000000)
 ParOldGen       total 87552K, used 69574K [0x0000000740000000, 0x0000000745580000, 0x0000000795580000)
  object space 87552K, 79% used [0x0000000740000000,0x00000007443f1a28,0x0000000745580000)
 Metaspace       used 20878K, capacity 21038K, committed 21248K, reserved 1067008K
  class space    used 2636K, capacity 2704K, committed 2816K, reserved 1048576K
Event: 8.269 GC heap after
Heap after GC invocations=11 (full 2):
 PSYoungGen      total 522752K, used 0K [0x0000000795580000, 0x00000007c0000000, 0x00000007c0000000)
  eden space 478720K, 0% used [0x0000000795580000,0x0000000795580000,0x00000007b2900000)
  from space 44032K, 0% used [0x00000007b2900000,0x00000007b2900000,0x00000007b5400000)
  to   space 46592K, 0% used [0x00000007bd280000,0x00000007bd280000,0x00000007c0000000)
 ParOldGen       total 126976K, used 67133K [0x0000000740000000, 0x0000000747c00000, 0x0000000795580000)
  object space 126976K, 52% used [0x0000000740000000,0x000000074418f730,0x0000000747c00000)
 Metaspace       used 20878K, capacity 21038K, committed 21248K, reserved 1067008K
  class space    used 2636K, capacity 2704K, committed 2816K, reserved 1048576K
}

